{"C:\\Codding\\RSSchool\\React-2023Q4\\src\\App.tsx": {"path":"C:\\Codding\\RSSchool\\React-2023Q4\\src\\App.tsx","statementMap":{"0":{"start":{"line":1,"column":0},"end":{"line":1,"column":59}},"1":{"start":{"line":2,"column":0},"end":{"line":2,"column":47}},"2":{"start":{"line":3,"column":0},"end":{"line":3,"column":50}},"3":{"start":{"line":4,"column":0},"end":{"line":4,"column":57}},"4":{"start":{"line":5,"column":0},"end":{"line":5,"column":64}},"5":{"start":{"line":6,"column":0},"end":{"line":6,"column":68}},"6":{"start":{"line":7,"column":0},"end":{"line":7,"column":47}},"7":{"start":{"line":9,"column":12},"end":{"line":83,"column":1}},"8":{"start":{"line":10,"column":19},"end":{"line":10,"column":32}},"9":{"start":{"line":12,"column":41},"end":{"line":12,"column":63}},"10":{"start":{"line":20,"column":6},"end":{"line":20,"column":28}},"11":{"start":{"line":22,"column":23},"end":{"line":57,"column":4}},"12":{"start":{"line":23,"column":4},"end":{"line":46,"column":null}},"13":{"start":{"line":24,"column":6},"end":{"line":24,"column":23}},"14":{"start":{"line":25,"column":6},"end":{"line":25,"column":25}},"15":{"start":{"line":30,"column":8},"end":{"line":30,"column":67}},"16":{"start":{"line":32,"column":25},"end":{"line":32,"column":64}},"17":{"start":{"line":33,"column":6},"end":{"line":41,"column":null}},"18":{"start":{"line":34,"column":8},"end":{"line":34,"column":41}},"19":{"start":{"line":35,"column":8},"end":{"line":35,"column":40}},"20":{"start":{"line":36,"column":8},"end":{"line":36,"column":56}},"21":{"start":{"line":39,"column":8},"end":{"line":39,"column":25}},"22":{"start":{"line":40,"column":8},"end":{"line":40,"column":26}},"23":{"start":{"line":43,"column":6},"end":{"line":43,"column":49}},"24":{"start":{"line":45,"column":6},"end":{"line":45,"column":26}},"25":{"start":{"line":59,"column":2},"end":{"line":61,"column":21}},"26":{"start":{"line":60,"column":4},"end":{"line":60,"column":19}},"27":{"start":{"line":63,"column":2},"end":{"line":82,"column":4}},"28":{"start":{"line":85,"column":0},"end":{"line":85,"column":19}}},"fnMap":{"0":{"name":"(anonymous_1)","decl":{"start":{"line":9,"column":12},"end":{"line":9,"column":15}},"loc":{"start":{"line":9,"column":17},"end":{"line":83,"column":1}}},"1":{"name":"(anonymous_2)","decl":{"start":{"line":22,"column":35},"end":{"line":22,"column":40}},"loc":{"start":{"line":22,"column":46},"end":{"line":47,"column":3}}},"2":{"name":"(anonymous_3)","decl":{"start":{"line":59,"column":12},"end":{"line":59,"column":15}},"loc":{"start":{"line":59,"column":17},"end":{"line":61,"column":3}}}},"branchMap":{"0":{"loc":{"start":{"line":30,"column":8},"end":{"line":30,"column":67}},"type":"binary-expr","locations":[{"start":{"line":30,"column":8},"end":{"line":30,"column":17}},{"start":{"line":30,"column":21},"end":{"line":30,"column":61}},{"start":{"line":30,"column":65},"end":{"line":30,"column":67}}]},"1":{"loc":{"start":{"line":33,"column":6},"end":{"line":41,"column":null}},"type":"if","locations":[{"start":{"line":33,"column":6},"end":{"line":41,"column":null}},{"start":{"line":37,"column":13},"end":{"line":41,"column":null}}]},"2":{"loc":{"start":{"line":33,"column":10},"end":{"line":33,"column":63}},"type":"binary-expr","locations":[{"start":{"line":33,"column":10},"end":{"line":33,"column":29}},{"start":{"line":33,"column":33},"end":{"line":33,"column":63}}]},"3":{"loc":{"start":{"line":72,"column":7},"end":{"line":79,"column":null}},"type":"binary-expr","locations":[{"start":{"line":72,"column":7},"end":{"line":72,"column":16}},{"start":{"line":73,"column":8},"end":{"line":78,"column":null}}]}},"s":{"0":2,"1":2,"2":2,"3":2,"4":2,"5":2,"6":2,"7":2,"8":3,"9":3,"10":3,"11":3,"12":2,"13":2,"14":2,"15":2,"16":2,"17":2,"18":1,"19":1,"20":1,"21":1,"22":1,"23":0,"24":2,"25":3,"26":2,"27":3,"28":2},"f":{"0":3,"1":2,"2":2},"b":{"0":[2,2,2],"1":[1,1],"2":[2,2],"3":[3,0]}}
,"C:\\Codding\\RSSchool\\React-2023Q4\\src\\main.tsx": {"path":"C:\\Codding\\RSSchool\\React-2023Q4\\src\\main.tsx","statementMap":{"0":{"start":{"line":1,"column":0},"end":{"line":1,"column":26}},"1":{"start":{"line":2,"column":0},"end":{"line":2,"column":40}},"2":{"start":{"line":3,"column":0},"end":{"line":3,"column":null}},"3":{"start":{"line":9,"column":0},"end":{"line":9,"column":52}},"4":{"start":{"line":10,"column":0},"end":{"line":10,"column":24}},"5":{"start":{"line":11,"column":0},"end":{"line":11,"column":41}},"6":{"start":{"line":12,"column":0},"end":{"line":12,"column":22}},"7":{"start":{"line":13,"column":0},"end":{"line":13,"column":54}},"8":{"start":{"line":14,"column":0},"end":{"line":14,"column":69}},"9":{"start":{"line":16,"column":15},"end":{"line":28,"column":null}},"10":{"start":{"line":31,"column":0},"end":{"line":39,"column":2}}},"fnMap":{},"branchMap":{},"s":{"0":0,"1":0,"2":0,"3":0,"4":0,"5":0,"6":0,"7":0,"8":0,"9":0,"10":0},"f":{},"b":{}}
,"C:\\Codding\\RSSchool\\React-2023Q4\\src\\common\\API\\apiFunc.tsx": {"path":"C:\\Codding\\RSSchool\\React-2023Q4\\src\\common\\API\\apiFunc.tsx","statementMap":{"0":{"start":{"line":3,"column":26},"end":{"line":34,"column":1}},"1":{"start":{"line":8,"column":14},"end":{"line":8,"column":46}},"2":{"start":{"line":9,"column":16},"end":{"line":9,"column":39}},"3":{"start":{"line":10,"column":15},"end":{"line":10,"column":59}},"4":{"start":{"line":12,"column":2},"end":{"line":12,"column":54}},"5":{"start":{"line":13,"column":2},"end":{"line":13,"column":56}},"6":{"start":{"line":14,"column":2},"end":{"line":14,"column":52}},"7":{"start":{"line":16,"column":2},"end":{"line":33,"column":7}},"8":{"start":{"line":18,"column":6},"end":{"line":20,"column":null}},"9":{"start":{"line":19,"column":8},"end":{"line":19,"column":76}},"10":{"start":{"line":21,"column":6},"end":{"line":21,"column":29}},"11":{"start":{"line":24,"column":6},"end":{"line":28,"column":null}},"12":{"start":{"line":25,"column":8},"end":{"line":27,"column":57}},"13":{"start":{"line":30,"column":6},"end":{"line":30,"column":44}},"14":{"start":{"line":32,"column":6},"end":{"line":32,"column":18}},"15":{"start":{"line":3,"column":13},"end":{"line":3,"column":26}},"16":{"start":{"line":36,"column":30},"end":{"line":50,"column":1}},"17":{"start":{"line":37,"column":14},"end":{"line":37,"column":46}},"18":{"start":{"line":39,"column":2},"end":{"line":49,"column":7}},"19":{"start":{"line":41,"column":6},"end":{"line":43,"column":null}},"20":{"start":{"line":42,"column":8},"end":{"line":42,"column":76}},"21":{"start":{"line":44,"column":6},"end":{"line":44,"column":29}},"22":{"start":{"line":47,"column":6},"end":{"line":47,"column":41}},"23":{"start":{"line":48,"column":6},"end":{"line":48,"column":18}},"24":{"start":{"line":36,"column":13},"end":{"line":36,"column":30}}},"fnMap":{"0":{"name":"(anonymous_0)","decl":{"start":{"line":3,"column":26},"end":{"line":3,"column":null}},"loc":{"start":{"line":7,"column":32},"end":{"line":34,"column":1}}},"1":{"name":"(anonymous_1)","decl":{"start":{"line":17,"column":10},"end":{"line":17,"column":11}},"loc":{"start":{"line":17,"column":23},"end":{"line":22,"column":5}}},"2":{"name":"(anonymous_2)","decl":{"start":{"line":23,"column":10},"end":{"line":23,"column":11}},"loc":{"start":{"line":23,"column":19},"end":{"line":33,"column":5}}},"3":{"name":"(anonymous_3)","decl":{"start":{"line":36,"column":30},"end":{"line":36,"column":31}},"loc":{"start":{"line":36,"column":69},"end":{"line":50,"column":1}}},"4":{"name":"(anonymous_4)","decl":{"start":{"line":40,"column":10},"end":{"line":40,"column":11}},"loc":{"start":{"line":40,"column":23},"end":{"line":45,"column":5}}},"5":{"name":"(anonymous_5)","decl":{"start":{"line":46,"column":10},"end":{"line":46,"column":11}},"loc":{"start":{"line":46,"column":19},"end":{"line":49,"column":5}}}},"branchMap":{"0":{"loc":{"start":{"line":18,"column":6},"end":{"line":20,"column":null}},"type":"if","locations":[{"start":{"line":18,"column":6},"end":{"line":20,"column":null}}]},"1":{"loc":{"start":{"line":24,"column":6},"end":{"line":28,"column":null}},"type":"if","locations":[{"start":{"line":24,"column":6},"end":{"line":28,"column":null}}]},"2":{"loc":{"start":{"line":25,"column":8},"end":{"line":27,"column":56}},"type":"cond-expr","locations":[{"start":{"line":26,"column":12},"end":{"line":26,"column":65}},{"start":{"line":27,"column":12},"end":{"line":27,"column":56}}]},"3":{"loc":{"start":{"line":41,"column":6},"end":{"line":43,"column":null}},"type":"if","locations":[{"start":{"line":41,"column":6},"end":{"line":43,"column":null}}]}},"s":{"0":1,"1":0,"2":0,"3":0,"4":0,"5":0,"6":0,"7":0,"8":0,"9":0,"10":0,"11":0,"12":0,"13":0,"14":0,"15":1,"16":1,"17":0,"18":0,"19":0,"20":0,"21":0,"22":0,"23":0,"24":1},"f":{"0":0,"1":0,"2":0,"3":0,"4":0,"5":0},"b":{"0":[0],"1":[0],"2":[0,0],"3":[0]}}
,"C:\\Codding\\RSSchool\\React-2023Q4\\src\\common\\controllers\\apiContext.tsx": {"path":"C:\\Codding\\RSSchool\\React-2023Q4\\src\\common\\controllers\\apiContext.tsx","statementMap":{"0":{"start":{"line":1,"column":0},"end":{"line":1,"column":38}},"1":{"start":{"line":4,"column":19},"end":{"line":15,"column":2}},"2":{"start":{"line":17,"column":0},"end":{"line":17,"column":26}}},"fnMap":{"0":{"name":"(anonymous_0)","decl":{"start":{"line":6,"column":16},"end":{"line":6,"column":19}},"loc":{"start":{"line":6,"column":21},"end":{"line":6,"column":24}}},"1":{"name":"(anonymous_1)","decl":{"start":{"line":8,"column":15},"end":{"line":8,"column":18}},"loc":{"start":{"line":8,"column":20},"end":{"line":8,"column":23}}},"2":{"name":"(anonymous_2)","decl":{"start":{"line":10,"column":11},"end":{"line":10,"column":14}},"loc":{"start":{"line":10,"column":16},"end":{"line":10,"column":19}}},"3":{"name":"(anonymous_3)","decl":{"start":{"line":12,"column":13},"end":{"line":12,"column":16}},"loc":{"start":{"line":12,"column":18},"end":{"line":12,"column":21}}},"4":{"name":"(anonymous_4)","decl":{"start":{"line":14,"column":16},"end":{"line":14,"column":19}},"loc":{"start":{"line":14,"column":21},"end":{"line":14,"column":24}}}},"branchMap":{},"s":{"0":4,"1":4,"2":4},"f":{"0":1,"1":2,"2":0,"3":2,"4":4},"b":{}}
,"C:\\Codding\\RSSchool\\React-2023Q4\\src\\common\\controllers\\appControllers.tsx": {"path":"C:\\Codding\\RSSchool\\React-2023Q4\\src\\common\\controllers\\appControllers.tsx","statementMap":{"0":{"start":{"line":1,"column":0},"end":{"line":1,"column":53}},"1":{"start":{"line":2,"column":0},"end":{"line":2,"column":38}},"2":{"start":{"line":3,"column":0},"end":{"line":3,"column":52}},"3":{"start":{"line":6,"column":62},"end":{"line":50,"column":1}},"4":{"start":{"line":9,"column":36},"end":{"line":9,"column":56}},"5":{"start":{"line":10,"column":34},"end":{"line":10,"column":72}},"6":{"start":{"line":11,"column":26},"end":{"line":11,"column":62}},"7":{"start":{"line":12,"column":30},"end":{"line":12,"column":54}},"8":{"start":{"line":13,"column":36},"end":{"line":13,"column":60}},"9":{"start":{"line":14,"column":19},"end":{"line":27,"column":52}},"10":{"start":{"line":15,"column":4},"end":{"line":26,"column":6}},"11":{"start":{"line":29,"column":26},"end":{"line":29,"column":37}},"12":{"start":{"line":30,"column":28},"end":{"line":30,"column":39}},"13":{"start":{"line":31,"column":38},"end":{"line":31,"column":49}},"14":{"start":{"line":32,"column":26},"end":{"line":41,"column":31}},"15":{"start":{"line":33,"column":4},"end":{"line":40,"column":6}},"16":{"start":{"line":43,"column":2},"end":{"line":49,"column":4}},"17":{"start":{"line":52,"column":0},"end":{"line":52,"column":34}}},"fnMap":{"0":{"name":"(anonymous_1)","decl":{"start":{"line":6,"column":62},"end":{"line":6,"column":63}},"loc":{"start":{"line":8,"column":5},"end":{"line":50,"column":1}}},"1":{"name":"(anonymous_2)","decl":{"start":{"line":14,"column":27},"end":{"line":14,"column":30}},"loc":{"start":{"line":14,"column":32},"end":{"line":27,"column":3}}},"2":{"name":"(anonymous_3)","decl":{"start":{"line":32,"column":34},"end":{"line":32,"column":37}},"loc":{"start":{"line":32,"column":39},"end":{"line":41,"column":3}}}},"branchMap":{},"s":{"0":0,"1":0,"2":0,"3":0,"4":0,"5":0,"6":0,"7":0,"8":0,"9":0,"10":0,"11":0,"12":0,"13":0,"14":0,"15":0,"16":0,"17":0},"f":{"0":0,"1":0,"2":0},"b":{}}
,"C:\\Codding\\RSSchool\\React-2023Q4\\src\\common\\controllers\\paginationContext.tsx": {"path":"C:\\Codding\\RSSchool\\React-2023Q4\\src\\common\\controllers\\paginationContext.tsx","statementMap":{"0":{"start":{"line":1,"column":0},"end":{"line":1,"column":38}},"1":{"start":{"line":4,"column":26},"end":{"line":11,"column":2}},"2":{"start":{"line":13,"column":0},"end":{"line":13,"column":33}}},"fnMap":{"0":{"name":"(anonymous_0)","decl":{"start":{"line":6,"column":11},"end":{"line":6,"column":14}},"loc":{"start":{"line":6,"column":16},"end":{"line":6,"column":19}}},"1":{"name":"(anonymous_1)","decl":{"start":{"line":8,"column":12},"end":{"line":8,"column":15}},"loc":{"start":{"line":8,"column":17},"end":{"line":8,"column":20}}},"2":{"name":"(anonymous_2)","decl":{"start":{"line":10,"column":17},"end":{"line":10,"column":20}},"loc":{"start":{"line":10,"column":22},"end":{"line":10,"column":25}}}},"branchMap":{},"s":{"0":4,"1":4,"2":4},"f":{"0":0,"1":0,"2":1},"b":{}}
,"C:\\Codding\\RSSchool\\React-2023Q4\\src\\modules\\404.tsx": {"path":"C:\\Codding\\RSSchool\\React-2023Q4\\src\\modules\\404.tsx","statementMap":{"0":{"start":{"line":1,"column":0},"end":{"line":1,"column":47}},"1":{"start":{"line":3,"column":21},"end":{"line":20,"column":1}},"2":{"start":{"line":4,"column":16},"end":{"line":4,"column":29}},"3":{"start":{"line":6,"column":21},"end":{"line":8,"column":3}},"4":{"start":{"line":7,"column":4},"end":{"line":7,"column":15}},"5":{"start":{"line":10,"column":2},"end":{"line":19,"column":4}},"6":{"start":{"line":22,"column":0},"end":{"line":22,"column":28}}},"fnMap":{"0":{"name":"(anonymous_0)","decl":{"start":{"line":3,"column":21},"end":{"line":3,"column":24}},"loc":{"start":{"line":3,"column":26},"end":{"line":20,"column":1}}},"1":{"name":"(anonymous_1)","decl":{"start":{"line":6,"column":21},"end":{"line":6,"column":24}},"loc":{"start":{"line":6,"column":26},"end":{"line":8,"column":3}}}},"branchMap":{},"s":{"0":0,"1":0,"2":0,"3":0,"4":0,"5":0,"6":0},"f":{"0":0,"1":0},"b":{}}
,"C:\\Codding\\RSSchool\\React-2023Q4\\src\\modules\\errorBoundary.tsx": {"path":"C:\\Codding\\RSSchool\\React-2023Q4\\src\\modules\\errorBoundary.tsx","statementMap":{"0":{"start":{"line":1,"column":0},"end":{"line":1,"column":41}},"1":{"start":{"line":9,"column":4},"end":{"line":9,"column":17}},"2":{"start":{"line":10,"column":4},"end":{"line":12,"column":6}},"3":{"start":{"line":16,"column":4},"end":{"line":16,"column":60}},"4":{"start":{"line":17,"column":4},"end":{"line":17,"column":38}},"5":{"start":{"line":21,"column":4},"end":{"line":35,"column":null}},"6":{"start":{"line":22,"column":6},"end":{"line":34,"column":8}},"7":{"start":{"line":28,"column":14},"end":{"line":28,"column":32}},"8":{"start":{"line":37,"column":4},"end":{"line":37,"column":31}},"9":{"start":{"line":41,"column":0},"end":{"line":41,"column":29}}},"fnMap":{"0":{"name":"(anonymous_1)","decl":{"start":{"line":8,"column":2},"end":{"line":8,"column":14}},"loc":{"start":{"line":8,"column":52},"end":{"line":13,"column":3}}},"1":{"name":"(anonymous_2)","decl":{"start":{"line":15,"column":2},"end":{"line":15,"column":19}},"loc":{"start":{"line":15,"column":54},"end":{"line":18,"column":3}}},"2":{"name":"(anonymous_3)","decl":{"start":{"line":20,"column":2},"end":{"line":20,"column":8}},"loc":{"start":{"line":20,"column":8},"end":{"line":38,"column":3}}},"3":{"name":"(anonymous_4)","decl":{"start":{"line":27,"column":21},"end":{"line":27,"column":24}},"loc":{"start":{"line":27,"column":26},"end":{"line":29,"column":13}}}},"branchMap":{"0":{"loc":{"start":{"line":21,"column":4},"end":{"line":35,"column":null}},"type":"if","locations":[{"start":{"line":21,"column":4},"end":{"line":35,"column":null}}]}},"s":{"0":0,"1":0,"2":0,"3":0,"4":0,"5":0,"6":0,"7":0,"8":0,"9":0},"f":{"0":0,"1":0,"2":0,"3":0},"b":{"0":[0]}}
,"C:\\Codding\\RSSchool\\React-2023Q4\\src\\modules\\top-section.tsx": {"path":"C:\\Codding\\RSSchool\\React-2023Q4\\src\\modules\\top-section.tsx","statementMap":{"0":{"start":{"line":1,"column":0},"end":{"line":1,"column":56}},"1":{"start":{"line":2,"column":0},"end":{"line":2,"column":58}},"2":{"start":{"line":3,"column":0},"end":{"line":3,"column":65}},"3":{"start":{"line":5,"column":19},"end":{"line":62,"column":1}},"4":{"start":{"line":6,"column":40},"end":{"line":6,"column":52}},"5":{"start":{"line":7,"column":32},"end":{"line":7,"column":47}},"6":{"start":{"line":9,"column":28},"end":{"line":9,"column":50}},"7":{"start":{"line":10,"column":27},"end":{"line":10,"column":49}},"8":{"start":{"line":12,"column":23},"end":{"line":17,"column":3}},"9":{"start":{"line":14,"column":4},"end":{"line":14,"column":74}},"10":{"start":{"line":15,"column":4},"end":{"line":15,"column":58}},"11":{"start":{"line":16,"column":4},"end":{"line":16,"column":30}},"12":{"start":{"line":20,"column":18},"end":{"line":20,"column":58}},"13":{"start":{"line":21,"column":4},"end":{"line":21,"column":55}},"14":{"start":{"line":24,"column":2},"end":{"line":26,"column":9}},"15":{"start":{"line":25,"column":4},"end":{"line":25,"column":24}},"16":{"start":{"line":28,"column":2},"end":{"line":61,"column":null}},"17":{"start":{"line":29,"column":4},"end":{"line":29,"column":47}},"18":{"start":{"line":31,"column":4},"end":{"line":60,"column":6}},"19":{"start":{"line":39,"column":12},"end":{"line":39,"column":47}},"20":{"start":{"line":40,"column":12},"end":{"line":40,"column":67}},"21":{"start":{"line":41,"column":12},"end":{"line":41,"column":53}},"22":{"start":{"line":47,"column":12},"end":{"line":47,"column":33}},"23":{"start":{"line":48,"column":12},"end":{"line":48,"column":35}},"24":{"start":{"line":49,"column":12},"end":{"line":49,"column":23}},"25":{"start":{"line":50,"column":12},"end":{"line":50,"column":27}},"26":{"start":{"line":51,"column":12},"end":{"line":51,"column":39}},"27":{"start":{"line":56,"column":50},"end":{"line":56,"column":66}},"28":{"start":{"line":64,"column":0},"end":{"line":64,"column":26}}},"fnMap":{"0":{"name":"(anonymous_1)","decl":{"start":{"line":5,"column":19},"end":{"line":5,"column":22}},"loc":{"start":{"line":5,"column":24},"end":{"line":62,"column":1}}},"1":{"name":"(anonymous_2)","decl":{"start":{"line":12,"column":23},"end":{"line":12,"column":26}},"loc":{"start":{"line":12,"column":28},"end":{"line":17,"column":3}}},"2":{"name":"checkLocalStorage","decl":{"start":{"line":19,"column":11},"end":{"line":19,"column":28}},"loc":{"start":{"line":19,"column":28},"end":{"line":22,"column":3}}},"3":{"name":"(anonymous_4)","decl":{"start":{"line":24,"column":12},"end":{"line":24,"column":15}},"loc":{"start":{"line":24,"column":17},"end":{"line":26,"column":3}}},"4":{"name":"(anonymous_5)","decl":{"start":{"line":38,"column":20},"end":{"line":38,"column":21}},"loc":{"start":{"line":38,"column":30},"end":{"line":42,"column":11}}},"5":{"name":"(anonymous_6)","decl":{"start":{"line":46,"column":19},"end":{"line":46,"column":20}},"loc":{"start":{"line":46,"column":29},"end":{"line":52,"column":11}}},"6":{"name":"(anonymous_7)","decl":{"start":{"line":56,"column":44},"end":{"line":56,"column":47}},"loc":{"start":{"line":56,"column":50},"end":{"line":56,"column":66}}}},"branchMap":{"0":{"loc":{"start":{"line":14,"column":4},"end":{"line":14,"column":73}},"type":"cond-expr","locations":[{"start":{"line":14,"column":19},"end":{"line":14,"column":51}},{"start":{"line":14,"column":56},"end":{"line":14,"column":72}}]},"1":{"loc":{"start":{"line":21,"column":4},"end":{"line":21,"column":54}},"type":"cond-expr","locations":[{"start":{"line":21,"column":12},"end":{"line":21,"column":33}},{"start":{"line":21,"column":36},"end":{"line":21,"column":54}}]},"2":{"loc":{"start":{"line":28,"column":2},"end":{"line":61,"column":null}},"type":"if","locations":[{"start":{"line":28,"column":2},"end":{"line":61,"column":null}},{"start":{"line":30,"column":9},"end":{"line":61,"column":null}}]}},"s":{"0":2,"1":2,"2":2,"3":2,"4":3,"5":3,"6":3,"7":3,"8":3,"9":0,"10":0,"11":0,"12":2,"13":2,"14":3,"15":2,"16":3,"17":0,"18":3,"19":0,"20":0,"21":0,"22":0,"23":0,"24":0,"25":0,"26":0,"27":0,"28":2},"f":{"0":3,"1":0,"2":2,"3":2,"4":0,"5":0,"6":0},"b":{"0":[0,0],"1":[0,2],"2":[0,3]}}
,"C:\\Codding\\RSSchool\\React-2023Q4\\src\\modules\\bottom section\\bottom-section.tsx": {"path":"C:\\Codding\\RSSchool\\React-2023Q4\\src\\modules\\bottom section\\bottom-section.tsx","statementMap":{"0":{"start":{"line":1,"column":0},"end":{"line":1,"column":42}},"1":{"start":{"line":2,"column":0},"end":{"line":2,"column":61}},"2":{"start":{"line":3,"column":0},"end":{"line":3,"column":75}},"3":{"start":{"line":4,"column":0},"end":{"line":4,"column":31}},"4":{"start":{"line":5,"column":0},"end":{"line":5,"column":40}},"5":{"start":{"line":6,"column":0},"end":{"line":6,"column":38}},"6":{"start":{"line":7,"column":0},"end":{"line":7,"column":38}},"7":{"start":{"line":9,"column":22},"end":{"line":23,"column":1}},"8":{"start":{"line":10,"column":31},"end":{"line":10,"column":53}},"9":{"start":{"line":11,"column":32},"end":{"line":11,"column":61}},"10":{"start":{"line":13,"column":2},"end":{"line":22,"column":4}},"11":{"start":{"line":25,"column":0},"end":{"line":25,"column":29}}},"fnMap":{"0":{"name":"(anonymous_1)","decl":{"start":{"line":9,"column":22},"end":{"line":9,"column":25}},"loc":{"start":{"line":9,"column":27},"end":{"line":23,"column":1}}}},"branchMap":{"0":{"loc":{"start":{"line":16,"column":9},"end":{"line":16,"column":66}},"type":"binary-expr","locations":[{"start":{"line":16,"column":9},"end":{"line":16,"column":17}},{"start":{"line":16,"column":21},"end":{"line":16,"column":35}},{"start":{"line":16,"column":39},"end":{"line":16,"column":66}}]},"1":{"loc":{"start":{"line":18,"column":9},"end":{"line":18,"column":68}},"type":"binary-expr","locations":[{"start":{"line":18,"column":9},"end":{"line":18,"column":17}},{"start":{"line":18,"column":21},"end":{"line":18,"column":39}},{"start":{"line":18,"column":43},"end":{"line":18,"column":68}}]},"2":{"loc":{"start":{"line":20,"column":7},"end":{"line":20,"column":40}},"type":"binary-expr","locations":[{"start":{"line":20,"column":7},"end":{"line":20,"column":13}},{"start":{"line":20,"column":17},"end":{"line":20,"column":40}}]}},"s":{"0":2,"1":2,"2":2,"3":2,"4":2,"5":2,"6":2,"7":2,"8":3,"9":3,"10":3,"11":2},"f":{"0":3},"b":{"0":[3,0,0],"1":[3,0,0],"2":[3,0]}}
,"C:\\Codding\\RSSchool\\React-2023Q4\\src\\modules\\bottom section\\item.tsx": {"path":"C:\\Codding\\RSSchool\\React-2023Q4\\src\\modules\\bottom section\\item.tsx","statementMap":{"0":{"start":{"line":1,"column":0},"end":{"line":1,"column":40}},"1":{"start":{"line":2,"column":0},"end":{"line":2,"column":35}},"2":{"start":{"line":3,"column":0},"end":{"line":3,"column":61}},"3":{"start":{"line":4,"column":0},"end":{"line":4,"column":47}},"4":{"start":{"line":5,"column":0},"end":{"line":5,"column":75}},"5":{"start":{"line":7,"column":18},"end":{"line":40,"column":1}},"6":{"start":{"line":8,"column":30},"end":{"line":8,"column":52}},"7":{"start":{"line":9,"column":19},"end":{"line":9,"column":32}},"8":{"start":{"line":10,"column":19},"end":{"line":10,"column":48}},"9":{"start":{"line":11,"column":24},"end":{"line":11,"column":46}},"10":{"start":{"line":13,"column":22},"end":{"line":17,"column":3}},"11":{"start":{"line":14,"column":4},"end":{"line":14,"column":29}},"12":{"start":{"line":15,"column":4},"end":{"line":15,"column":53}},"13":{"start":{"line":16,"column":4},"end":{"line":16,"column":21}},"14":{"start":{"line":19,"column":2},"end":{"line":38,"column":6}},"15":{"start":{"line":20,"column":4},"end":{"line":38,"column":6}},"16":{"start":{"line":34,"column":57},"end":{"line":34,"column":70}},"17":{"start":{"line":39,"column":2},"end":{"line":39,"column":14}},"18":{"start":{"line":42,"column":0},"end":{"line":42,"column":25}}},"fnMap":{"0":{"name":"(anonymous_1)","decl":{"start":{"line":7,"column":18},"end":{"line":7,"column":21}},"loc":{"start":{"line":7,"column":23},"end":{"line":40,"column":1}}},"1":{"name":"(anonymous_2)","decl":{"start":{"line":13,"column":22},"end":{"line":13,"column":25}},"loc":{"start":{"line":13,"column":27},"end":{"line":17,"column":3}}},"2":{"name":"(anonymous_3)","decl":{"start":{"line":34,"column":51},"end":{"line":34,"column":54}},"loc":{"start":{"line":34,"column":57},"end":{"line":34,"column":70}}}},"branchMap":{"0":{"loc":{"start":{"line":19,"column":2},"end":{"line":38,"column":6}},"type":"if","locations":[{"start":{"line":19,"column":2},"end":{"line":38,"column":6}}]}},"s":{"0":2,"1":2,"2":2,"3":2,"4":2,"5":2,"6":0,"7":0,"8":0,"9":0,"10":0,"11":0,"12":0,"13":0,"14":0,"15":0,"16":0,"17":0,"18":2},"f":{"0":0,"1":0,"2":0},"b":{"0":[0]}}
,"C:\\Codding\\RSSchool\\React-2023Q4\\src\\modules\\bottom section\\pageOptions.tsx": {"path":"C:\\Codding\\RSSchool\\React-2023Q4\\src\\modules\\bottom section\\pageOptions.tsx","statementMap":{"0":{"start":{"line":1,"column":0},"end":{"line":1,"column":35}},"1":{"start":{"line":2,"column":0},"end":{"line":2,"column":47}},"2":{"start":{"line":3,"column":0},"end":{"line":3,"column":61}},"3":{"start":{"line":4,"column":0},"end":{"line":4,"column":68}},"4":{"start":{"line":5,"column":0},"end":{"line":5,"column":46}},"5":{"start":{"line":7,"column":20},"end":{"line":29,"column":1}},"6":{"start":{"line":8,"column":32},"end":{"line":8,"column":54}},"7":{"start":{"line":9,"column":24},"end":{"line":9,"column":46}},"8":{"start":{"line":11,"column":19},"end":{"line":11,"column":32}},"9":{"start":{"line":13,"column":22},"end":{"line":19,"column":3}},"10":{"start":{"line":14,"column":18},"end":{"line":14,"column":46}},"11":{"start":{"line":15,"column":4},"end":{"line":15,"column":41}},"12":{"start":{"line":16,"column":4},"end":{"line":16,"column":20}},"13":{"start":{"line":17,"column":4},"end":{"line":17,"column":15}},"14":{"start":{"line":18,"column":4},"end":{"line":18,"column":46}},"15":{"start":{"line":21,"column":2},"end":{"line":28,"column":4}},"16":{"start":{"line":31,"column":0},"end":{"line":31,"column":27}}},"fnMap":{"0":{"name":"(anonymous_1)","decl":{"start":{"line":7,"column":20},"end":{"line":7,"column":23}},"loc":{"start":{"line":7,"column":25},"end":{"line":29,"column":1}}},"1":{"name":"(anonymous_2)","decl":{"start":{"line":13,"column":22},"end":{"line":13,"column":23}},"loc":{"start":{"line":13,"column":70},"end":{"line":19,"column":3}}}},"branchMap":{},"s":{"0":2,"1":2,"2":2,"3":2,"4":2,"5":2,"6":0,"7":0,"8":0,"9":0,"10":0,"11":0,"12":0,"13":0,"14":0,"15":0,"16":2},"f":{"0":0,"1":0},"b":{}}
,"C:\\Codding\\RSSchool\\React-2023Q4\\src\\modules\\bottom section\\pagination.tsx": {"path":"C:\\Codding\\RSSchool\\React-2023Q4\\src\\modules\\bottom section\\pagination.tsx","statementMap":{"0":{"start":{"line":1,"column":0},"end":{"line":1,"column":46}},"1":{"start":{"line":2,"column":0},"end":{"line":2,"column":73}},"2":{"start":{"line":3,"column":0},"end":{"line":3,"column":71}},"3":{"start":{"line":4,"column":0},"end":{"line":4,"column":71}},"4":{"start":{"line":5,"column":0},"end":{"line":5,"column":71}},"5":{"start":{"line":6,"column":0},"end":{"line":6,"column":35}},"6":{"start":{"line":7,"column":0},"end":{"line":7,"column":68}},"7":{"start":{"line":8,"column":0},"end":{"line":8,"column":47}},"8":{"start":{"line":9,"column":0},"end":{"line":9,"column":61}},"9":{"start":{"line":11,"column":19},"end":{"line":87,"column":1}},"10":{"start":{"line":12,"column":47},"end":{"line":12,"column":69}},"11":{"start":{"line":13,"column":24},"end":{"line":13,"column":46}},"12":{"start":{"line":14,"column":19},"end":{"line":14,"column":48}},"13":{"start":{"line":16,"column":19},"end":{"line":16,"column":32}},"14":{"start":{"line":18,"column":21},"end":{"line":40,"column":3}},"15":{"start":{"line":19,"column":4},"end":{"line":28,"column":null}},"16":{"start":{"line":20,"column":6},"end":{"line":23,"column":null}},"17":{"start":{"line":21,"column":8},"end":{"line":21,"column":19}},"18":{"start":{"line":22,"column":8},"end":{"line":22,"column":51}},"19":{"start":{"line":24,"column":6},"end":{"line":27,"column":null}},"20":{"start":{"line":25,"column":8},"end":{"line":25,"column":26}},"21":{"start":{"line":26,"column":8},"end":{"line":26,"column":61}},"22":{"start":{"line":29,"column":4},"end":{"line":38,"column":null}},"23":{"start":{"line":30,"column":6},"end":{"line":33,"column":null}},"24":{"start":{"line":31,"column":8},"end":{"line":31,"column":26}},"25":{"start":{"line":32,"column":8},"end":{"line":32,"column":60}},"26":{"start":{"line":34,"column":6},"end":{"line":37,"column":null}},"27":{"start":{"line":35,"column":8},"end":{"line":35,"column":26}},"28":{"start":{"line":36,"column":8},"end":{"line":36,"column":60}},"29":{"start":{"line":39,"column":4},"end":{"line":39,"column":36}},"30":{"start":{"line":42,"column":2},"end":{"line":86,"column":4}},"31":{"start":{"line":46,"column":23},"end":{"line":46,"column":46}},"32":{"start":{"line":56,"column":23},"end":{"line":56,"column":45}},"33":{"start":{"line":67,"column":23},"end":{"line":67,"column":45}},"34":{"start":{"line":77,"column":23},"end":{"line":77,"column":45}},"35":{"start":{"line":89,"column":0},"end":{"line":89,"column":26}}},"fnMap":{"0":{"name":"(anonymous_1)","decl":{"start":{"line":11,"column":19},"end":{"line":11,"column":22}},"loc":{"start":{"line":11,"column":24},"end":{"line":87,"column":1}}},"1":{"name":"(anonymous_2)","decl":{"start":{"line":18,"column":21},"end":{"line":18,"column":22}},"loc":{"start":{"line":18,"column":40},"end":{"line":40,"column":3}}},"2":{"name":"(anonymous_3)","decl":{"start":{"line":46,"column":17},"end":{"line":46,"column":20}},"loc":{"start":{"line":46,"column":23},"end":{"line":46,"column":46}}},"3":{"name":"(anonymous_4)","decl":{"start":{"line":56,"column":17},"end":{"line":56,"column":20}},"loc":{"start":{"line":56,"column":23},"end":{"line":56,"column":45}}},"4":{"name":"(anonymous_5)","decl":{"start":{"line":67,"column":17},"end":{"line":67,"column":20}},"loc":{"start":{"line":67,"column":23},"end":{"line":67,"column":45}}},"5":{"name":"(anonymous_6)","decl":{"start":{"line":77,"column":17},"end":{"line":77,"column":20}},"loc":{"start":{"line":77,"column":23},"end":{"line":77,"column":45}}}},"branchMap":{"0":{"loc":{"start":{"line":19,"column":4},"end":{"line":28,"column":null}},"type":"if","locations":[{"start":{"line":19,"column":4},"end":{"line":28,"column":null}}]},"1":{"loc":{"start":{"line":20,"column":6},"end":{"line":23,"column":null}},"type":"if","locations":[{"start":{"line":20,"column":6},"end":{"line":23,"column":null}}]},"2":{"loc":{"start":{"line":24,"column":6},"end":{"line":27,"column":null}},"type":"if","locations":[{"start":{"line":24,"column":6},"end":{"line":27,"column":null}}]},"3":{"loc":{"start":{"line":29,"column":4},"end":{"line":38,"column":null}},"type":"if","locations":[{"start":{"line":29,"column":4},"end":{"line":38,"column":null}}]},"4":{"loc":{"start":{"line":30,"column":6},"end":{"line":33,"column":null}},"type":"if","locations":[{"start":{"line":30,"column":6},"end":{"line":33,"column":null}}]},"5":{"loc":{"start":{"line":34,"column":6},"end":{"line":37,"column":null}},"type":"if","locations":[{"start":{"line":34,"column":6},"end":{"line":37,"column":null}}]},"6":{"loc":{"start":{"line":45,"column":19},"end":{"line":45,"column":70}},"type":"cond-expr","locations":[{"start":{"line":45,"column":32},"end":{"line":45,"column":54}},{"start":{"line":45,"column":57},"end":{"line":45,"column":70}}]},"7":{"loc":{"start":{"line":55,"column":19},"end":{"line":55,"column":70}},"type":"cond-expr","locations":[{"start":{"line":55,"column":32},"end":{"line":55,"column":54}},{"start":{"line":55,"column":57},"end":{"line":55,"column":70}}]},"8":{"loc":{"start":{"line":66,"column":19},"end":{"line":66,"column":77}},"type":"cond-expr","locations":[{"start":{"line":66,"column":39},"end":{"line":66,"column":61}},{"start":{"line":66,"column":64},"end":{"line":66,"column":77}}]},"9":{"loc":{"start":{"line":76,"column":19},"end":{"line":76,"column":77}},"type":"cond-expr","locations":[{"start":{"line":76,"column":39},"end":{"line":76,"column":61}},{"start":{"line":76,"column":64},"end":{"line":76,"column":77}}]}},"s":{"0":2,"1":2,"2":2,"3":2,"4":2,"5":2,"6":2,"7":2,"8":2,"9":2,"10":0,"11":0,"12":0,"13":0,"14":0,"15":0,"16":0,"17":0,"18":0,"19":0,"20":0,"21":0,"22":0,"23":0,"24":0,"25":0,"26":0,"27":0,"28":0,"29":0,"30":0,"31":0,"32":0,"33":0,"34":0,"35":2},"f":{"0":0,"1":0,"2":0,"3":0,"4":0,"5":0},"b":{"0":[0],"1":[0],"2":[0],"3":[0],"4":[0],"5":[0],"6":[0,0],"7":[0,0],"8":[0,0],"9":[0,0]}}
,"C:\\Codding\\RSSchool\\React-2023Q4\\src\\modules\\bottom section\\products.tsx": {"path":"C:\\Codding\\RSSchool\\React-2023Q4\\src\\modules\\bottom section\\products.tsx","statementMap":{"0":{"start":{"line":1,"column":0},"end":{"line":1,"column":44}},"1":{"start":{"line":2,"column":0},"end":{"line":2,"column":58}},"2":{"start":{"line":3,"column":0},"end":{"line":3,"column":35}},"3":{"start":{"line":4,"column":0},"end":{"line":4,"column":47}},"4":{"start":{"line":5,"column":0},"end":{"line":5,"column":61}},"5":{"start":{"line":6,"column":0},"end":{"line":6,"column":68}},"6":{"start":{"line":8,"column":21},"end":{"line":69,"column":1}},"7":{"start":{"line":9,"column":19},"end":{"line":9,"column":32}},"8":{"start":{"line":10,"column":19},"end":{"line":10,"column":41}},"9":{"start":{"line":11,"column":24},"end":{"line":11,"column":46}},"10":{"start":{"line":13,"column":57},"end":{"line":13,"column":79}},"11":{"start":{"line":15,"column":21},"end":{"line":26,"column":3}},"12":{"start":{"line":16,"column":4},"end":{"line":25,"column":null}},"13":{"start":{"line":17,"column":6},"end":{"line":17,"column":25}},"14":{"start":{"line":18,"column":23},"end":{"line":18,"column":47}},"15":{"start":{"line":19,"column":6},"end":{"line":19,"column":24}},"16":{"start":{"line":20,"column":6},"end":{"line":20,"column":22}},"17":{"start":{"line":21,"column":6},"end":{"line":21,"column":26}},"18":{"start":{"line":22,"column":6},"end":{"line":22,"column":64}},"19":{"start":{"line":24,"column":6},"end":{"line":24,"column":54}},"20":{"start":{"line":28,"column":2},"end":{"line":68,"column":4}},"21":{"start":{"line":33,"column":10},"end":{"line":33,"column":27}},"22":{"start":{"line":55,"column":29},"end":{"line":55,"column":50}},"23":{"start":{"line":71,"column":0},"end":{"line":71,"column":28}}},"fnMap":{"0":{"name":"(anonymous_1)","decl":{"start":{"line":8,"column":21},"end":{"line":8,"column":24}},"loc":{"start":{"line":8,"column":26},"end":{"line":69,"column":1}}},"1":{"name":"(anonymous_2)","decl":{"start":{"line":15,"column":21},"end":{"line":15,"column":26}},"loc":{"start":{"line":15,"column":42},"end":{"line":26,"column":3}}},"2":{"name":"(anonymous_3)","decl":{"start":{"line":32,"column":21},"end":{"line":32,"column":22}},"loc":{"start":{"line":33,"column":10},"end":{"line":33,"column":27}}},"3":{"name":"(anonymous_4)","decl":{"start":{"line":55,"column":23},"end":{"line":55,"column":26}},"loc":{"start":{"line":55,"column":29},"end":{"line":55,"column":50}}}},"branchMap":{"0":{"loc":{"start":{"line":30,"column":7},"end":{"line":60,"column":10}},"type":"binary-expr","locations":[{"start":{"line":30,"column":7},"end":{"line":30,"column":15}},{"start":{"line":31,"column":8},"end":{"line":31,"column":27}},{"start":{"line":32,"column":8},"end":{"line":60,"column":10}}]},"1":{"loc":{"start":{"line":62,"column":7},"end":{"line":65,"column":null}},"type":"binary-expr","locations":[{"start":{"line":62,"column":7},"end":{"line":62,"column":16}},{"start":{"line":63,"column":8},"end":{"line":63,"column":null}}]}},"s":{"0":4,"1":4,"2":4,"3":4,"4":4,"5":4,"6":4,"7":10,"8":10,"9":10,"10":10,"11":10,"12":2,"13":2,"14":2,"15":2,"16":2,"17":2,"18":2,"19":0,"20":10,"21":6,"22":2,"23":4},"f":{"0":10,"1":2,"2":6,"3":2},"b":{"0":[10,6,6],"1":[10,4]}}
}
