TN:
SF:src\App.tsx
FN:9,(anonymous_1)
FN:22,(anonymous_2)
FN:59,(anonymous_3)
FNF:3
FNH:3
FNDA:4,(anonymous_1)
FNDA:3,(anonymous_2)
FNDA:3,(anonymous_3)
DA:1,3
DA:2,3
DA:3,3
DA:4,3
DA:5,3
DA:6,3
DA:7,3
DA:9,3
DA:10,4
DA:12,4
DA:20,4
DA:22,4
DA:23,3
DA:24,3
DA:25,3
DA:30,3
DA:32,3
DA:33,3
DA:34,1
DA:35,1
DA:36,1
DA:39,2
DA:40,2
DA:43,0
DA:45,3
DA:59,4
DA:60,3
DA:63,4
DA:85,3
LF:29
LH:28
BRDA:30,0,0,3
BRDA:30,0,1,3
BRDA:30,0,2,3
BRDA:33,1,0,1
BRDA:33,1,1,2
BRDA:33,2,0,3
BRDA:33,2,1,2
BRDA:72,3,0,4
BRDA:72,3,1,1
BRF:9
BRH:9
end_of_record
TN:
SF:src\common\API\apiFunc.tsx
FN:3,(anonymous_0)
FN:17,(anonymous_1)
FN:23,(anonymous_2)
FN:36,(anonymous_3)
FN:40,(anonymous_4)
FN:46,(anonymous_5)
FNF:6
FNH:0
FNDA:0,(anonymous_0)
FNDA:0,(anonymous_1)
FNDA:0,(anonymous_2)
FNDA:0,(anonymous_3)
FNDA:0,(anonymous_4)
FNDA:0,(anonymous_5)
DA:3,1
DA:8,0
DA:9,0
DA:10,0
DA:12,0
DA:13,0
DA:14,0
DA:16,0
DA:18,0
DA:19,0
DA:21,0
DA:24,0
DA:25,0
DA:30,0
DA:32,0
DA:36,1
DA:37,0
DA:39,0
DA:41,0
DA:42,0
DA:44,0
DA:47,0
DA:48,0
LF:23
LH:2
BRDA:18,0,0,0
BRDA:24,1,0,0
BRDA:25,2,0,0
BRDA:25,2,1,0
BRDA:41,3,0,0
BRF:5
BRH:0
end_of_record
TN:
SF:src\common\controllers\apiContext.tsx
FN:6,(anonymous_0)
FN:8,(anonymous_1)
FN:10,(anonymous_2)
FN:12,(anonymous_3)
FN:14,(anonymous_4)
FNF:5
FNH:4
FNDA:1,(anonymous_0)
FNDA:2,(anonymous_1)
FNDA:0,(anonymous_2)
FNDA:2,(anonymous_3)
FNDA:4,(anonymous_4)
DA:1,6
DA:4,6
DA:17,6
LF:3
LH:3
BRF:0
BRH:0
end_of_record
TN:
SF:src\common\controllers\appControllers.tsx
FN:6,(anonymous_1)
FN:14,(anonymous_2)
FN:32,(anonymous_3)
FNF:3
FNH:0
FNDA:0,(anonymous_1)
FNDA:0,(anonymous_2)
FNDA:0,(anonymous_3)
DA:1,0
DA:2,0
DA:3,0
DA:6,0
DA:9,0
DA:10,0
DA:11,0
DA:12,0
DA:13,0
DA:14,0
DA:15,0
DA:29,0
DA:30,0
DA:31,0
DA:32,0
DA:33,0
DA:43,0
DA:52,0
LF:18
LH:0
BRF:0
BRH:0
end_of_record
TN:
SF:src\common\controllers\paginationContext.tsx
FN:6,(anonymous_0)
FN:8,(anonymous_1)
FN:10,(anonymous_2)
FNF:3
FNH:1
FNDA:0,(anonymous_0)
FNDA:0,(anonymous_1)
FNDA:1,(anonymous_2)
DA:1,6
DA:4,6
DA:13,6
LF:3
LH:3
BRF:0
BRH:0
end_of_record
TN:
SF:src\modules\404.tsx
FN:3,(anonymous_0)
FN:6,(anonymous_1)
FNF:2
FNH:0
FNDA:0,(anonymous_0)
FNDA:0,(anonymous_1)
DA:1,0
DA:3,0
DA:4,0
DA:6,0
DA:7,0
DA:10,0
DA:22,0
LF:7
LH:0
BRF:0
BRH:0
end_of_record
TN:
SF:src\modules\errorBoundary.tsx
FN:8,(anonymous_1)
FN:15,(anonymous_2)
FN:20,(anonymous_3)
FN:27,(anonymous_4)
FNF:4
FNH:0
FNDA:0,(anonymous_1)
FNDA:0,(anonymous_2)
FNDA:0,(anonymous_3)
FNDA:0,(anonymous_4)
DA:1,0
DA:9,0
DA:10,0
DA:16,0
DA:17,0
DA:21,0
DA:22,0
DA:28,0
DA:37,0
DA:41,0
LF:10
LH:0
BRDA:21,0,0,0
BRF:1
BRH:0
end_of_record
TN:
SF:src\modules\top-section.tsx
FN:5,(anonymous_1)
FN:12,(anonymous_2)
FN:19,checkLocalStorage
FN:24,(anonymous_4)
FN:38,(anonymous_5)
FN:46,(anonymous_6)
FN:56,(anonymous_7)
FNF:7
FNH:3
FNDA:4,(anonymous_1)
FNDA:0,(anonymous_2)
FNDA:3,checkLocalStorage
FNDA:3,(anonymous_4)
FNDA:0,(anonymous_5)
FNDA:0,(anonymous_6)
FNDA:0,(anonymous_7)
DA:1,3
DA:2,3
DA:3,3
DA:5,3
DA:6,4
DA:7,4
DA:9,4
DA:10,4
DA:12,4
DA:14,0
DA:15,0
DA:16,0
DA:20,3
DA:21,3
DA:24,4
DA:25,3
DA:28,4
DA:29,0
DA:31,4
DA:39,0
DA:40,0
DA:41,0
DA:47,0
DA:48,0
DA:49,0
DA:50,0
DA:51,0
DA:56,0
DA:64,3
LF:29
LH:16
BRDA:14,0,0,0
BRDA:14,0,1,0
BRDA:21,1,0,0
BRDA:21,1,1,3
BRDA:28,2,0,0
BRDA:28,2,1,4
BRF:6
BRH:2
end_of_record
TN:
SF:src\modules\bottom section\bottom-section.tsx
FN:9,(anonymous_1)
FNF:1
FNH:1
FNDA:4,(anonymous_1)
DA:1,3
DA:2,3
DA:3,3
DA:4,3
DA:5,3
DA:6,3
DA:7,3
DA:9,3
DA:10,4
DA:11,4
DA:13,4
DA:25,3
LF:12
LH:12
BRDA:16,0,0,4
BRDA:16,0,1,1
BRDA:16,0,2,1
BRDA:18,1,0,4
BRDA:18,1,1,1
BRDA:18,1,2,0
BRDA:20,2,0,4
BRDA:20,2,1,0
BRF:8
BRH:6
end_of_record
TN:
SF:src\modules\bottom section\item.tsx
FN:7,(anonymous_1)
FN:13,(anonymous_2)
FN:50,(anonymous_3)
FNF:3
FNH:1
FNDA:2,(anonymous_1)
FNDA:0,(anonymous_2)
FNDA:0,(anonymous_3)
DA:1,4
DA:2,4
DA:3,4
DA:4,4
DA:5,4
DA:7,4
DA:8,2
DA:9,2
DA:10,2
DA:11,2
DA:13,2
DA:14,0
DA:15,0
DA:16,0
DA:19,2
DA:20,2
DA:50,0
DA:57,0
DA:60,4
LF:19
LH:14
BRDA:19,0,0,2
BRF:1
BRH:1
end_of_record
TN:
SF:src\modules\bottom section\pageOptions.tsx
FN:7,(anonymous_1)
FN:13,(anonymous_2)
FNF:2
FNH:1
FNDA:1,(anonymous_1)
FNDA:0,(anonymous_2)
DA:1,3
DA:2,3
DA:3,3
DA:4,3
DA:5,3
DA:7,3
DA:8,1
DA:9,1
DA:11,1
DA:13,1
DA:14,0
DA:15,0
DA:16,0
DA:17,0
DA:18,0
DA:21,1
DA:31,3
LF:17
LH:12
BRF:0
BRH:0
end_of_record
TN:
SF:src\modules\bottom section\pagination.tsx
FN:11,(anonymous_1)
FN:18,(anonymous_2)
FN:46,(anonymous_3)
FN:56,(anonymous_4)
FN:67,(anonymous_5)
FN:77,(anonymous_6)
FNF:6
FNH:0
FNDA:0,(anonymous_1)
FNDA:0,(anonymous_2)
FNDA:0,(anonymous_3)
FNDA:0,(anonymous_4)
FNDA:0,(anonymous_5)
FNDA:0,(anonymous_6)
DA:1,3
DA:2,3
DA:3,3
DA:4,3
DA:5,3
DA:6,3
DA:7,3
DA:8,3
DA:9,3
DA:11,3
DA:12,0
DA:13,0
DA:14,0
DA:16,0
DA:18,0
DA:19,0
DA:20,0
DA:21,0
DA:22,0
DA:24,0
DA:25,0
DA:26,0
DA:29,0
DA:30,0
DA:31,0
DA:32,0
DA:34,0
DA:35,0
DA:36,0
DA:39,0
DA:42,0
DA:46,0
DA:56,0
DA:67,0
DA:77,0
DA:89,3
LF:36
LH:11
BRDA:19,0,0,0
BRDA:20,1,0,0
BRDA:24,2,0,0
BRDA:29,3,0,0
BRDA:30,4,0,0
BRDA:34,5,0,0
BRDA:45,6,0,0
BRDA:45,6,1,0
BRDA:55,7,0,0
BRDA:55,7,1,0
BRDA:66,8,0,0
BRDA:66,8,1,0
BRDA:76,9,0,0
BRDA:76,9,1,0
BRF:14
BRH:0
end_of_record
TN:
SF:src\modules\bottom section\products.tsx
FN:8,(anonymous_1)
FN:15,(anonymous_2)
FN:32,(anonymous_3)
FN:55,(anonymous_4)
FNF:4
FNH:4
FNDA:11,(anonymous_1)
FNDA:2,(anonymous_2)
FNDA:7,(anonymous_3)
FNDA:2,(anonymous_4)
DA:1,5
DA:2,5
DA:3,5
DA:4,5
DA:5,5
DA:6,5
DA:8,5
DA:9,11
DA:10,11
DA:11,11
DA:13,11
DA:15,11
DA:16,2
DA:17,2
DA:18,2
DA:19,2
DA:20,2
DA:21,2
DA:22,2
DA:24,0
DA:28,11
DA:33,7
DA:55,2
DA:71,5
LF:24
LH:23
BRDA:30,0,0,11
BRDA:30,0,1,7
BRDA:30,0,2,7
BRDA:62,1,0,11
BRDA:62,1,1,4
BRF:5
BRH:5
end_of_record
